# JRE version: Java(TM) SE Runtime Environment (8.0_111-b14) (build 1.8.0_111-b14)
# Java VM: Java HotSpot(TM) 64-Bit Server VM (25.111-b14 mixed mode bsd-amd64 compressed oops)
Heap:
 PSYoungGen      total 38400K, used 6008K [0x0000000795580000, 0x0000000799c00000, 0x00000007c0000000)
  eden space 33280K, 2% used [0x0000000795580000,0x0000000795660188,0x0000000797600000)
  from space 5120K, 99% used [0x0000000797600000,0x0000000797afe238,0x0000000797b00000)
  to   space 5120K, 0% used [0x0000000799700000,0x0000000799700000,0x0000000799c00000)
 ParOldGen       total 65536K, used 16916K [0x0000000740000000, 0x0000000744000000, 0x0000000795580000)
  object space 65536K, 25% used [0x0000000740000000,0x00000007410853e0,0x0000000744000000)
 Metaspace       used 26542K, capacity 27912K, committed 28160K, reserved 1073152K
  class space    used 3554K, capacity 3835K, committed 3840K, reserved 1048576K
GC Heap History (8 events):
Event: 2.786 GC heap before
{Heap before GC invocations=1 (full 0):
 PSYoungGen      total 38400K, used 33280K [0x0000000795580000, 0x0000000798000000, 0x00000007c0000000)
  eden space 33280K, 100% used [0x0000000795580000,0x0000000797600000,0x0000000797600000)
  from space 5120K, 0% used [0x0000000797b00000,0x0000000797b00000,0x0000000798000000)
  to   space 5120K, 0% used [0x0000000797600000,0x0000000797600000,0x0000000797b00000)
 ParOldGen       total 87552K, used 0K [0x0000000740000000, 0x0000000745580000, 0x0000000795580000)
  object space 87552K, 0% used [0x0000000740000000,0x0000000740000000,0x0000000745580000)
 Metaspace       used 14019K, capacity 14512K, committed 14592K, reserved 1062912K
  class space    used 1884K, capacity 2037K, committed 2048K, reserved 1048576K
Event: 2.825 GC heap after
Heap after GC invocations=1 (full 0):
 PSYoungGen      total 38400K, used 5103K [0x0000000795580000, 0x000000079a080000, 0x00000007c0000000)
  eden space 33280K, 0% used [0x0000000795580000,0x0000000795580000,0x0000000797600000)
  from space 5120K, 99% used [0x0000000797600000,0x0000000797afbe78,0x0000000797b00000)
  to   space 5120K, 0% used [0x0000000799b80000,0x0000000799b80000,0x000000079a080000)
 ParOldGen       total 87552K, used 1697K [0x0000000740000000, 0x0000000745580000, 0x0000000795580000)
  object space 87552K, 1% used [0x0000000740000000,0x00000007401a84f8,0x0000000745580000)
 Metaspace       used 14019K, capacity 14512K, committed 14592K, reserved 1062912K
  class space    used 1884K, capacity 2037K, committed 2048K, reserved 1048576K
}
Event: 13.971 GC heap before
{Heap before GC invocations=2 (full 0):
 PSYoungGen      total 38400K, used 30055K [0x0000000795580000, 0x000000079a080000, 0x00000007c0000000)
  eden space 33280K, 74% used [0x0000000795580000,0x0000000796dddda0,0x0000000797600000)
  from space 5120K, 99% used [0x0000000797600000,0x0000000797afbe78,0x0000000797b00000)
  to   space 5120K, 0% used [0x0000000799b80000,0x0000000799b80000,0x000000079a080000)
 ParOldGen       total 87552K, used 1697K [0x0000000740000000, 0x0000000745580000, 0x0000000795580000)
  object space 87552K, 1% used [0x0000000740000000,0x00000007401a84f8,0x0000000745580000)
 Metaspace       used 20317K, capacity 21136K, committed 21248K, reserved 1067008K
  class space    used 2752K, capacity 3005K, committed 3072K, reserved 1048576K
Event: 13.987 GC heap after
Heap after GC invocations=2 (full 0):
 PSYoungGen      total 38400K, used 5095K [0x0000000795580000, 0x000000079a080000, 0x00000007c0000000)
  eden space 33280K, 0% used [0x0000000795580000,0x0000000795580000,0x0000000797600000)
  from space 5120K, 99% used [0x0000000799b80000,0x000000079a079fd0,0x000000079a080000)
  to   space 5120K, 0% used [0x0000000797600000,0x0000000797600000,0x0000000797b00000)
 ParOldGen       total 87552K, used 9624K [0x0000000740000000, 0x0000000745580000, 0x0000000795580000)
  object space 87552K, 10% used [0x0000000740000000,0x00000007409660e0,0x0000000745580000)
 Metaspace       used 20317K, capacity 21136K, committed 21248K, reserved 1067008K
  class space    used 2752K, capacity 3005K, committed 3072K, reserved 1048576K
}
Event: 13.987 GC heap before
{Heap before GC invocations=3 (full 1):
 PSYoungGen      total 38400K, used 5095K [0x0000000795580000, 0x000000079a080000, 0x00000007c0000000)
  eden space 33280K, 0% used [0x0000000795580000,0x0000000795580000,0x0000000797600000)
  from space 5120K, 99% used [0x0000000799b80000,0x000000079a079fd0,0x000000079a080000)
  to   space 5120K, 0% used [0x0000000797600000,0x0000000797600000,0x0000000797b00000)
 ParOldGen       total 87552K, used 9624K [0x0000000740000000, 0x0000000745580000, 0x0000000795580000)
  object space 87552K, 10% used [0x0000000740000000,0x00000007409660e0,0x0000000745580000)
 Metaspace       used 20317K, capacity 21136K, committed 21248K, reserved 1067008K
  class space    used 2752K, capacity 3005K, committed 3072K, reserved 1048576K
Event: 14.035 GC heap after
Heap after GC invocations=3 (full 1):
 PSYoungGen      total 38400K, used 0K [0x0000000795580000, 0x000000079a080000, 0x00000007c0000000)
  eden space 33280K, 0% used [0x0000000795580000,0x0000000795580000,0x0000000797600000)
  from space 5120K, 0% used [0x0000000799b80000,0x0000000799b80000,0x000000079a080000)
  to   space 5120K, 0% used [0x0000000797600000,0x0000000797600000,0x0000000797b00000)
 ParOldGen       total 65536K, used 12007K [0x0000000740000000, 0x0000000744000000, 0x0000000795580000)
  object space 65536K, 18% used [0x0000000740000000,0x0000000740bb9fa0,0x0000000744000000)
 Metaspace       used 20317K, capacity 21136K, committed 21248K, reserved 1067008K
  class space    used 2752K, capacity 3005K, committed 3072K, reserved 1048576K
}
Event: 21.297 GC heap before
{Heap before GC invocations=4 (full 1):
 PSYoungGen      total 38400K, used 33280K [0x0000000795580000, 0x000000079a080000, 0x00000007c0000000)
  eden space 33280K, 100% used [0x0000000795580000,0x0000000797600000,0x0000000797600000)
  from space 5120K, 0% used [0x0000000799b80000,0x0000000799b80000,0x000000079a080000)
  to   space 5120K, 0% used [0x0000000797600000,0x0000000797600000,0x0000000797b00000)
 ParOldGen       total 65536K, used 12007K [0x0000000740000000, 0x0000000744000000, 0x0000000795580000)
  object space 65536K, 18% used [0x0000000740000000,0x0000000740bb9fa0,0x0000000744000000)
 Metaspace       used 26526K, capacity 27912K, committed 28160K, reserved 1073152K
  class space    used 3554K, capacity 3835K, committed 3840K, reserved 1048576K
Event: 21.313 GC heap after
Heap after GC invocations=4 (full 1):
 PSYoungGen      total 38400K, used 5112K [0x0000000795580000, 0x0000000799c00000, 0x00000007c0000000)
  eden space 33280K, 0% used [0x0000000795580000,0x0000000795580000,0x0000000797600000)
  from space 5120K, 99% used [0x0000000797600000,0x0000000797afe238,0x0000000797b00000)
  to   space 5120K, 0% used [0x0000000799700000,0x0000000799700000,0x0000000799c00000)
 ParOldGen       total 65536K, used 16916K [0x0000000740000000, 0x0000000744000000, 0x0000000795580000)
  object space 65536K, 25% used [0x0000000740000000,0x00000007410853e0,0x0000000744000000)
 Metaspace       used 26526K, capacity 27912K, committed 28160K, reserved 1073152K
  class space    used 3554K, capacity 3835K, committed 3840K, reserved 1048576K
}

