# JRE version: Java(TM) SE Runtime Environment (8.0_111-b14) (build 1.8.0_111-b14)
# Java VM: Java HotSpot(TM) 64-Bit Server VM (25.111-b14 mixed mode bsd-amd64 compressed oops)
Heap:
 PSYoungGen      total 38400K, used 7778K [0x0000000795580000, 0x0000000798000000, 0x00000007c0000000)
  eden space 33280K, 8% used [0x0000000795580000,0x000000079581f340,0x0000000797600000)
  from space 5120K, 99% used [0x0000000797600000,0x0000000797af9810,0x0000000797b00000)
  to   space 5120K, 0% used [0x0000000797b00000,0x0000000797b00000,0x0000000798000000)
 ParOldGen       total 56832K, used 16988K [0x0000000740000000, 0x0000000743780000, 0x0000000795580000)
  object space 56832K, 29% used [0x0000000740000000,0x0000000741097128,0x0000000743780000)
 Metaspace       used 25508K, capacity 26660K, committed 26752K, reserved 1073152K
  class space    used 3372K, capacity 3657K, committed 3712K, reserved 1048576K
GC Heap History (8 events):
Event: 3.227 GC heap before
{Heap before GC invocations=1 (full 0):
 PSYoungGen      total 38400K, used 31450K [0x0000000795580000, 0x0000000798000000, 0x00000007c0000000)
  eden space 33280K, 94% used [0x0000000795580000,0x0000000797436970,0x0000000797600000)
  from space 5120K, 0% used [0x0000000797b00000,0x0000000797b00000,0x0000000798000000)
  to   space 5120K, 0% used [0x0000000797600000,0x0000000797600000,0x0000000797b00000)
 ParOldGen       total 87552K, used 0K [0x0000000740000000, 0x0000000745580000, 0x0000000795580000)
  object space 87552K, 0% used [0x0000000740000000,0x0000000740000000,0x0000000745580000)
 Metaspace       used 14150K, capacity 14614K, committed 14976K, reserved 1062912K
  class space    used 1913K, capacity 2071K, committed 2176K, reserved 1048576K
Event: 3.241 GC heap after
Heap after GC invocations=1 (full 0):
 PSYoungGen      total 38400K, used 4368K [0x0000000795580000, 0x0000000798000000, 0x00000007c0000000)
  eden space 33280K, 0% used [0x0000000795580000,0x0000000795580000,0x0000000797600000)
  from space 5120K, 85% used [0x0000000797600000,0x0000000797a44050,0x0000000797b00000)
  to   space 5120K, 0% used [0x0000000797b00000,0x0000000797b00000,0x0000000798000000)
 ParOldGen       total 87552K, used 4178K [0x0000000740000000, 0x0000000745580000, 0x0000000795580000)
  object space 87552K, 4% used [0x0000000740000000,0x0000000740414820,0x0000000745580000)
 Metaspace       used 14150K, capacity 14614K, committed 14976K, reserved 1062912K
  class space    used 1913K, capacity 2071K, committed 2176K, reserved 1048576K
}
Event: 12.236 GC heap before
{Heap before GC invocations=2 (full 0):
 PSYoungGen      total 38400K, used 27933K [0x0000000795580000, 0x0000000798000000, 0x00000007c0000000)
  eden space 33280K, 70% used [0x0000000795580000,0x0000000796c836b0,0x0000000797600000)
  from space 5120K, 85% used [0x0000000797600000,0x0000000797a44050,0x0000000797b00000)
  to   space 5120K, 0% used [0x0000000797b00000,0x0000000797b00000,0x0000000798000000)
 ParOldGen       total 87552K, used 4178K [0x0000000740000000, 0x0000000745580000, 0x0000000795580000)
  object space 87552K, 4% used [0x0000000740000000,0x0000000740414820,0x0000000745580000)
 Metaspace       used 20447K, capacity 21174K, committed 21248K, reserved 1067008K
  class space    used 2794K, capacity 3028K, committed 3072K, reserved 1048576K
Event: 12.252 GC heap after
Heap after GC invocations=2 (full 0):
 PSYoungGen      total 38400K, used 5088K [0x0000000795580000, 0x0000000798000000, 0x00000007c0000000)
  eden space 33280K, 0% used [0x0000000795580000,0x0000000795580000,0x0000000797600000)
  from space 5120K, 99% used [0x0000000797b00000,0x0000000797ff8030,0x0000000798000000)
  to   space 5120K, 0% used [0x0000000797600000,0x0000000797600000,0x0000000797b00000)
 ParOldGen       total 87552K, used 12845K [0x0000000740000000, 0x0000000745580000, 0x0000000795580000)
  object space 87552K, 14% used [0x0000000740000000,0x0000000740c8b7d0,0x0000000745580000)
 Metaspace       used 20447K, capacity 21174K, committed 21248K, reserved 1067008K
  class space    used 2794K, capacity 3028K, committed 3072K, reserved 1048576K
}
Event: 12.252 GC heap before
{Heap before GC invocations=3 (full 1):
 PSYoungGen      total 38400K, used 5088K [0x0000000795580000, 0x0000000798000000, 0x00000007c0000000)
  eden space 33280K, 0% used [0x0000000795580000,0x0000000795580000,0x0000000797600000)
  from space 5120K, 99% used [0x0000000797b00000,0x0000000797ff8030,0x0000000798000000)
  to   space 5120K, 0% used [0x0000000797600000,0x0000000797600000,0x0000000797b00000)
 ParOldGen       total 87552K, used 12845K [0x0000000740000000, 0x0000000745580000, 0x0000000795580000)
  object space 87552K, 14% used [0x0000000740000000,0x0000000740c8b7d0,0x0000000745580000)
 Metaspace       used 20447K, capacity 21174K, committed 21248K, reserved 1067008K
  class space    used 2794K, capacity 3028K, committed 3072K, reserved 1048576K
Event: 12.294 GC heap after
Heap after GC invocations=3 (full 1):
 PSYoungGen      total 38400K, used 0K [0x0000000795580000, 0x0000000798000000, 0x00000007c0000000)
  eden space 33280K, 0% used [0x0000000795580000,0x0000000795580000,0x0000000797600000)
  from space 5120K, 0% used [0x0000000797b00000,0x0000000797b00000,0x0000000798000000)
  to   space 5120K, 0% used [0x0000000797600000,0x0000000797600000,0x0000000797b00000)
 ParOldGen       total 56832K, used 13656K [0x0000000740000000, 0x0000000743780000, 0x0000000795580000)
  object space 56832K, 24% used [0x0000000740000000,0x0000000740d56260,0x0000000743780000)
 Metaspace       used 20447K, capacity 21174K, committed 21248K, reserved 1067008K
  class space    used 2794K, capacity 3028K, committed 3072K, reserved 1048576K
}
Event: 26.642 GC heap before
{Heap before GC invocations=4 (full 1):
 PSYoungGen      total 38400K, used 33280K [0x0000000795580000, 0x0000000798000000, 0x00000007c0000000)
  eden space 33280K, 100% used [0x0000000795580000,0x0000000797600000,0x0000000797600000)
  from space 5120K, 0% used [0x0000000797b00000,0x0000000797b00000,0x0000000798000000)
  to   space 5120K, 0% used [0x0000000797600000,0x0000000797600000,0x0000000797b00000)
 ParOldGen       total 56832K, used 13656K [0x0000000740000000, 0x0000000743780000, 0x0000000795580000)
  object space 56832K, 24% used [0x0000000740000000,0x0000000740d56260,0x0000000743780000)
 Metaspace       used 25465K, capacity 26660K, committed 26752K, reserved 1073152K
  class space    used 3372K, capacity 3657K, committed 3712K, reserved 1048576K
Event: 26.653 GC heap after
Heap after GC invocations=4 (full 1):
 PSYoungGen      total 38400K, used 5094K [0x0000000795580000, 0x0000000798000000, 0x00000007c0000000)
  eden space 33280K, 0% used [0x0000000795580000,0x0000000795580000,0x0000000797600000)
  from space 5120K, 99% used [0x0000000797600000,0x0000000797af9810,0x0000000797b00000)
  to   space 5120K, 0% used [0x0000000797b00000,0x0000000797b00000,0x0000000798000000)
 ParOldGen       total 56832K, used 16988K [0x0000000740000000, 0x0000000743780000, 0x0000000795580000)
  object space 56832K, 29% used [0x0000000740000000,0x0000000741097128,0x0000000743780000)
 Metaspace       used 25465K, capacity 26660K, committed 26752K, reserved 1073152K
  class space    used 3372K, capacity 3657K, committed 3712K, reserved 1048576K
}

