# JRE version: Java(TM) SE Runtime Environment (8.0_111-b14) (build 1.8.0_111-b14)
# Java VM: Java HotSpot(TM) 64-Bit Server VM (25.111-b14 mixed mode bsd-amd64 compressed oops)
Heap:
 PSYoungGen      total 38400K, used 32187K [0x0000000795580000, 0x0000000798a00000, 0x00000007c0000000)
  eden space 33280K, 81% used [0x0000000795580000,0x0000000796ff0700,0x0000000797600000)
  from space 5120K, 99% used [0x0000000797600000,0x0000000797afe6e8,0x0000000797b00000)
  to   space 5120K, 0% used [0x0000000798500000,0x0000000798500000,0x0000000798a00000)
 ParOldGen       total 74752K, used 16667K [0x0000000740000000, 0x0000000744900000, 0x0000000795580000)
  object space 74752K, 22% used [0x0000000740000000,0x0000000741046e78,0x0000000744900000)
 Metaspace       used 27974K, capacity 29598K, committed 29696K, reserved 1075200K
  class space    used 3710K, capacity 4013K, committed 4096K, reserved 1048576K
GC Heap History (8 events):
Event: 2.523 GC heap before
{Heap before GC invocations=1 (full 0):
 PSYoungGen      total 38400K, used 33280K [0x0000000795580000, 0x0000000798000000, 0x00000007c0000000)
  eden space 33280K, 100% used [0x0000000795580000,0x0000000797600000,0x0000000797600000)
  from space 5120K, 0% used [0x0000000797b00000,0x0000000797b00000,0x0000000798000000)
  to   space 5120K, 0% used [0x0000000797600000,0x0000000797600000,0x0000000797b00000)
 ParOldGen       total 87552K, used 0K [0x0000000740000000, 0x0000000745580000, 0x0000000795580000)
  object space 87552K, 0% used [0x0000000740000000,0x0000000740000000,0x0000000745580000)
 Metaspace       used 14843K, capacity 15424K, committed 15488K, reserved 1062912K
  class space    used 1994K, capacity 2176K, committed 2176K, reserved 1048576K
Event: 2.545 GC heap after
Heap after GC invocations=1 (full 0):
 PSYoungGen      total 38400K, used 5093K [0x0000000795580000, 0x0000000798000000, 0x00000007c0000000)
  eden space 33280K, 0% used [0x0000000795580000,0x0000000795580000,0x0000000797600000)
  from space 5120K, 99% used [0x0000000797600000,0x0000000797af95b0,0x0000000797b00000)
  to   space 5120K, 0% used [0x0000000797b00000,0x0000000797b00000,0x0000000798000000)
 ParOldGen       total 87552K, used 2811K [0x0000000740000000, 0x0000000745580000, 0x0000000795580000)
  object space 87552K, 3% used [0x0000000740000000,0x00000007402bed10,0x0000000745580000)
 Metaspace       used 14843K, capacity 15424K, committed 15488K, reserved 1062912K
  class space    used 1994K, capacity 2176K, committed 2176K, reserved 1048576K
}
Event: 9.848 GC heap before
{Heap before GC invocations=2 (full 0):
 PSYoungGen      total 38400K, used 28141K [0x0000000795580000, 0x0000000798000000, 0x00000007c0000000)
  eden space 33280K, 69% used [0x0000000795580000,0x0000000796c02220,0x0000000797600000)
  from space 5120K, 99% used [0x0000000797600000,0x0000000797af95b0,0x0000000797b00000)
  to   space 5120K, 0% used [0x0000000797b00000,0x0000000797b00000,0x0000000798000000)
 ParOldGen       total 87552K, used 2811K [0x0000000740000000, 0x0000000745580000, 0x0000000795580000)
  object space 87552K, 3% used [0x0000000740000000,0x00000007402bed10,0x0000000745580000)
 Metaspace       used 20358K, capacity 21172K, committed 21248K, reserved 1067008K
  class space    used 2780K, capacity 3006K, committed 3072K, reserved 1048576K
Event: 9.882 GC heap after
Heap after GC invocations=2 (full 0):
 PSYoungGen      total 38400K, used 5111K [0x0000000795580000, 0x0000000798000000, 0x00000007c0000000)
  eden space 33280K, 0% used [0x0000000795580000,0x0000000795580000,0x0000000797600000)
  from space 5120K, 99% used [0x0000000797b00000,0x0000000797ffdfc0,0x0000000798000000)
  to   space 5120K, 0% used [0x0000000797600000,0x0000000797600000,0x0000000797b00000)
 ParOldGen       total 87552K, used 9931K [0x0000000740000000, 0x0000000745580000, 0x0000000795580000)
  object space 87552K, 11% used [0x0000000740000000,0x00000007409b2cc8,0x0000000745580000)
 Metaspace       used 20358K, capacity 21172K, committed 21248K, reserved 1067008K
  class space    used 2780K, capacity 3006K, committed 3072K, reserved 1048576K
}
Event: 9.882 GC heap before
{Heap before GC invocations=3 (full 1):
 PSYoungGen      total 38400K, used 5111K [0x0000000795580000, 0x0000000798000000, 0x00000007c0000000)
  eden space 33280K, 0% used [0x0000000795580000,0x0000000795580000,0x0000000797600000)
  from space 5120K, 99% used [0x0000000797b00000,0x0000000797ffdfc0,0x0000000798000000)
  to   space 5120K, 0% used [0x0000000797600000,0x0000000797600000,0x0000000797b00000)
 ParOldGen       total 87552K, used 9931K [0x0000000740000000, 0x0000000745580000, 0x0000000795580000)
  object space 87552K, 11% used [0x0000000740000000,0x00000007409b2cc8,0x0000000745580000)
 Metaspace       used 20358K, capacity 21172K, committed 21248K, reserved 1067008K
  class space    used 2780K, capacity 3006K, committed 3072K, reserved 1048576K
Event: 9.997 GC heap after
Heap after GC invocations=3 (full 1):
 PSYoungGen      total 38400K, used 0K [0x0000000795580000, 0x0000000798000000, 0x00000007c0000000)
  eden space 33280K, 0% used [0x0000000795580000,0x0000000795580000,0x0000000797600000)
  from space 5120K, 0% used [0x0000000797b00000,0x0000000797b00000,0x0000000798000000)
  to   space 5120K, 0% used [0x0000000797600000,0x0000000797600000,0x0000000797b00000)
 ParOldGen       total 74752K, used 11590K [0x0000000740000000, 0x0000000744900000, 0x0000000795580000)
  object space 74752K, 15% used [0x0000000740000000,0x0000000740b51898,0x0000000744900000)
 Metaspace       used 20358K, capacity 21172K, committed 21248K, reserved 1067008K
  class space    used 2780K, capacity 3006K, committed 3072K, reserved 1048576K
}
Event: 20.320 GC heap before
{Heap before GC invocations=4 (full 1):
 PSYoungGen      total 38400K, used 33280K [0x0000000795580000, 0x0000000798000000, 0x00000007c0000000)
  eden space 33280K, 100% used [0x0000000795580000,0x0000000797600000,0x0000000797600000)
  from space 5120K, 0% used [0x0000000797b00000,0x0000000797b00000,0x0000000798000000)
  to   space 5120K, 0% used [0x0000000797600000,0x0000000797600000,0x0000000797b00000)
 ParOldGen       total 74752K, used 11590K [0x0000000740000000, 0x0000000744900000, 0x0000000795580000)
  object space 74752K, 15% used [0x0000000740000000,0x0000000740b51898,0x0000000744900000)
 Metaspace       used 26362K, capacity 27632K, committed 27904K, reserved 1073152K
  class space    used 3536K, capacity 3798K, committed 3840K, reserved 1048576K
Event: 20.334 GC heap after
Heap after GC invocations=4 (full 1):
 PSYoungGen      total 38400K, used 5113K [0x0000000795580000, 0x0000000798a00000, 0x00000007c0000000)
  eden space 33280K, 0% used [0x0000000795580000,0x0000000795580000,0x0000000797600000)
  from space 5120K, 99% used [0x0000000797600000,0x0000000797afe6e8,0x0000000797b00000)
  to   space 5120K, 0% used [0x0000000798500000,0x0000000798500000,0x0000000798a00000)
 ParOldGen       total 74752K, used 16667K [0x0000000740000000, 0x0000000744900000, 0x0000000795580000)
  object space 74752K, 22% used [0x0000000740000000,0x0000000741046e78,0x0000000744900000)
 Metaspace       used 26362K, capacity 27632K, committed 27904K, reserved 1073152K
  class space    used 3536K, capacity 3798K, committed 3840K, reserved 1048576K
}

