# JRE version: Java(TM) SE Runtime Environment (8.0_111-b14) (build 1.8.0_111-b14)
# Java VM: Java HotSpot(TM) 64-Bit Server VM (25.111-b14 mixed mode bsd-amd64 compressed oops)
Heap:
 PSYoungGen      total 38400K, used 24951K [0x0000000795580000, 0x0000000798000000, 0x00000007c0000000)
  eden space 33280K, 59% used [0x0000000795580000,0x00000007968e0090,0x0000000797600000)
  from space 5120K, 99% used [0x0000000797600000,0x0000000797afdc80,0x0000000797b00000)
  to   space 5120K, 0% used [0x0000000797b00000,0x0000000797b00000,0x0000000798000000)
 ParOldGen       total 59392K, used 17740K [0x0000000740000000, 0x0000000743a00000, 0x0000000795580000)
  object space 59392K, 29% used [0x0000000740000000,0x0000000741153000,0x0000000743a00000)
 Metaspace       used 27835K, capacity 29444K, committed 29696K, reserved 1075200K
  class space    used 3740K, capacity 4071K, committed 4096K, reserved 1048576K
GC Heap History (8 events):
Event: 5.280 GC heap before
{Heap before GC invocations=1 (full 0):
 PSYoungGen      total 38400K, used 31450K [0x0000000795580000, 0x0000000798000000, 0x00000007c0000000)
  eden space 33280K, 94% used [0x0000000795580000,0x0000000797436990,0x0000000797600000)
  from space 5120K, 0% used [0x0000000797b00000,0x0000000797b00000,0x0000000798000000)
  to   space 5120K, 0% used [0x0000000797600000,0x0000000797600000,0x0000000797b00000)
 ParOldGen       total 87552K, used 0K [0x0000000740000000, 0x0000000745580000, 0x0000000795580000)
  object space 87552K, 0% used [0x0000000740000000,0x0000000740000000,0x0000000745580000)
 Metaspace       used 14130K, capacity 14594K, committed 14976K, reserved 1062912K
  class space    used 1909K, capacity 2069K, committed 2176K, reserved 1048576K
Event: 5.305 GC heap after
Heap after GC invocations=1 (full 0):
 PSYoungGen      total 38400K, used 4322K [0x0000000795580000, 0x0000000798000000, 0x00000007c0000000)
  eden space 33280K, 0% used [0x0000000795580000,0x0000000795580000,0x0000000797600000)
  from space 5120K, 84% used [0x0000000797600000,0x0000000797a38ab0,0x0000000797b00000)
  to   space 5120K, 0% used [0x0000000797b00000,0x0000000797b00000,0x0000000798000000)
 ParOldGen       total 87552K, used 4178K [0x0000000740000000, 0x0000000745580000, 0x0000000795580000)
  object space 87552K, 4% used [0x0000000740000000,0x0000000740414820,0x0000000745580000)
 Metaspace       used 14130K, capacity 14594K, committed 14976K, reserved 1062912K
  class space    used 1909K, capacity 2069K, committed 2176K, reserved 1048576K
}
Event: 18.082 GC heap before
{Heap before GC invocations=2 (full 0):
 PSYoungGen      total 38400K, used 28444K [0x0000000795580000, 0x0000000798000000, 0x00000007c0000000)
  eden space 33280K, 72% used [0x0000000795580000,0x0000000796d0e928,0x0000000797600000)
  from space 5120K, 84% used [0x0000000797600000,0x0000000797a38ab0,0x0000000797b00000)
  to   space 5120K, 0% used [0x0000000797b00000,0x0000000797b00000,0x0000000798000000)
 ParOldGen       total 87552K, used 4178K [0x0000000740000000, 0x0000000745580000, 0x0000000795580000)
  object space 87552K, 4% used [0x0000000740000000,0x0000000740414820,0x0000000745580000)
 Metaspace       used 20390K, capacity 21134K, committed 21248K, reserved 1067008K
  class space    used 2767K, capacity 2996K, committed 3072K, reserved 1048576K
Event: 18.105 GC heap after
Heap after GC invocations=2 (full 0):
 PSYoungGen      total 38400K, used 5104K [0x0000000795580000, 0x0000000798000000, 0x00000007c0000000)
  eden space 33280K, 0% used [0x0000000795580000,0x0000000795580000,0x0000000797600000)
  from space 5120K, 99% used [0x0000000797b00000,0x0000000797ffc040,0x0000000798000000)
  to   space 5120K, 0% used [0x0000000797600000,0x0000000797600000,0x0000000797b00000)
 ParOldGen       total 87552K, used 14810K [0x0000000740000000, 0x0000000745580000, 0x0000000795580000)
  object space 87552K, 16% used [0x0000000740000000,0x0000000740e76818,0x0000000745580000)
 Metaspace       used 20390K, capacity 21134K, committed 21248K, reserved 1067008K
  class space    used 2767K, capacity 2996K, committed 3072K, reserved 1048576K
}
Event: 18.105 GC heap before
{Heap before GC invocations=3 (full 1):
 PSYoungGen      total 38400K, used 5104K [0x0000000795580000, 0x0000000798000000, 0x00000007c0000000)
  eden space 33280K, 0% used [0x0000000795580000,0x0000000795580000,0x0000000797600000)
  from space 5120K, 99% used [0x0000000797b00000,0x0000000797ffc040,0x0000000798000000)
  to   space 5120K, 0% used [0x0000000797600000,0x0000000797600000,0x0000000797b00000)
 ParOldGen       total 87552K, used 14810K [0x0000000740000000, 0x0000000745580000, 0x0000000795580000)
  object space 87552K, 16% used [0x0000000740000000,0x0000000740e76818,0x0000000745580000)
 Metaspace       used 20390K, capacity 21134K, committed 21248K, reserved 1067008K
  class space    used 2767K, capacity 2996K, committed 3072K, reserved 1048576K
Event: 18.180 GC heap after
Heap after GC invocations=3 (full 1):
 PSYoungGen      total 38400K, used 0K [0x0000000795580000, 0x0000000798000000, 0x00000007c0000000)
  eden space 33280K, 0% used [0x0000000795580000,0x0000000795580000,0x0000000797600000)
  from space 5120K, 0% used [0x0000000797b00000,0x0000000797b00000,0x0000000798000000)
  to   space 5120K, 0% used [0x0000000797600000,0x0000000797600000,0x0000000797b00000)
 ParOldGen       total 59392K, used 13601K [0x0000000740000000, 0x0000000743a00000, 0x0000000795580000)
  object space 59392K, 22% used [0x0000000740000000,0x0000000740d484b0,0x0000000743a00000)
 Metaspace       used 20390K, capacity 21134K, committed 21248K, reserved 1067008K
  class space    used 2767K, capacity 2996K, committed 3072K, reserved 1048576K
}
Event: 25.346 GC heap before
{Heap before GC invocations=4 (full 1):
 PSYoungGen      total 38400K, used 32522K [0x0000000795580000, 0x0000000798000000, 0x00000007c0000000)
  eden space 33280K, 97% used [0x0000000795580000,0x0000000797542928,0x0000000797600000)
  from space 5120K, 0% used [0x0000000797b00000,0x0000000797b00000,0x0000000798000000)
  to   space 5120K, 0% used [0x0000000797600000,0x0000000797600000,0x0000000797b00000)
 ParOldGen       total 59392K, used 13601K [0x0000000740000000, 0x0000000743a00000, 0x0000000795580000)
  object space 59392K, 22% used [0x0000000740000000,0x0000000740d484b0,0x0000000743a00000)
 Metaspace       used 26263K, capacity 27528K, committed 27648K, reserved 1073152K
  class space    used 3519K, capacity 3813K, committed 3840K, reserved 1048576K
Event: 25.358 GC heap after
Heap after GC invocations=4 (full 1):
 PSYoungGen      total 38400K, used 5111K [0x0000000795580000, 0x0000000798000000, 0x00000007c0000000)
  eden space 33280K, 0% used [0x0000000795580000,0x0000000795580000,0x0000000797600000)
  from space 5120K, 99% used [0x0000000797600000,0x0000000797afdc80,0x0000000797b00000)
  to   space 5120K, 0% used [0x0000000797b00000,0x0000000797b00000,0x0000000798000000)
 ParOldGen       total 59392K, used 17740K [0x0000000740000000, 0x0000000743a00000, 0x0000000795580000)
  object space 59392K, 29% used [0x0000000740000000,0x0000000741153000,0x0000000743a00000)
 Metaspace       used 26263K, capacity 27528K, committed 27648K, reserved 1073152K
  class space    used 3519K, capacity 3813K, committed 3840K, reserved 1048576K
}

