# JRE version: Java(TM) SE Runtime Environment (8.0_111-b14) (build 1.8.0_111-b14)
# Java VM: Java HotSpot(TM) 64-Bit Server VM (25.111-b14 mixed mode bsd-amd64 compressed oops)
Heap:
 PSYoungGen      total 38400K, used 6656K [0x0000000795580000, 0x0000000798000000, 0x00000007c0000000)
  eden space 33280K, 4% used [0x0000000795580000,0x00000007957043c0,0x0000000797600000)
  from space 5120K, 99% used [0x0000000797600000,0x0000000797afbf20,0x0000000797b00000)
  to   space 5120K, 0% used [0x0000000797b00000,0x0000000797b00000,0x0000000798000000)
 ParOldGen       total 51200K, used 14081K [0x0000000740000000, 0x0000000743200000, 0x0000000795580000)
  object space 51200K, 27% used [0x0000000740000000,0x0000000740dc06b0,0x0000000743200000)
 Metaspace       used 26258K, capacity 27616K, committed 27904K, reserved 1073152K
  class space    used 3457K, capacity 3762K, committed 3840K, reserved 1048576K
GC Heap History (8 events):
Event: 3.767 GC heap before
{Heap before GC invocations=1 (full 0):
 PSYoungGen      total 38400K, used 33280K [0x0000000795580000, 0x0000000798000000, 0x00000007c0000000)
  eden space 33280K, 100% used [0x0000000795580000,0x0000000797600000,0x0000000797600000)
  from space 5120K, 0% used [0x0000000797b00000,0x0000000797b00000,0x0000000798000000)
  to   space 5120K, 0% used [0x0000000797600000,0x0000000797600000,0x0000000797b00000)
 ParOldGen       total 87552K, used 0K [0x0000000740000000, 0x0000000745580000, 0x0000000795580000)
  object space 87552K, 0% used [0x0000000740000000,0x0000000740000000,0x0000000745580000)
 Metaspace       used 15267K, capacity 15928K, committed 16128K, reserved 1062912K
  class space    used 2066K, capacity 2260K, committed 2304K, reserved 1048576K
Event: 3.780 GC heap after
Heap after GC invocations=1 (full 0):
 PSYoungGen      total 38400K, used 5119K [0x0000000795580000, 0x0000000798000000, 0x00000007c0000000)
  eden space 33280K, 0% used [0x0000000795580000,0x0000000795580000,0x0000000797600000)
  from space 5120K, 99% used [0x0000000797600000,0x0000000797affe98,0x0000000797b00000)
  to   space 5120K, 0% used [0x0000000797b00000,0x0000000797b00000,0x0000000798000000)
 ParOldGen       total 87552K, used 4414K [0x0000000740000000, 0x0000000745580000, 0x0000000795580000)
  object space 87552K, 5% used [0x0000000740000000,0x000000074044fac0,0x0000000745580000)
 Metaspace       used 15267K, capacity 15928K, committed 16128K, reserved 1062912K
  class space    used 2066K, capacity 2260K, committed 2304K, reserved 1048576K
}
Event: 13.152 GC heap before
{Heap before GC invocations=2 (full 0):
 PSYoungGen      total 38400K, used 26183K [0x0000000795580000, 0x0000000798000000, 0x00000007c0000000)
  eden space 33280K, 63% used [0x0000000795580000,0x0000000796a11e80,0x0000000797600000)
  from space 5120K, 99% used [0x0000000797600000,0x0000000797affe98,0x0000000797b00000)
  to   space 5120K, 0% used [0x0000000797b00000,0x0000000797b00000,0x0000000798000000)
 ParOldGen       total 87552K, used 4414K [0x0000000740000000, 0x0000000745580000, 0x0000000795580000)
  object space 87552K, 5% used [0x0000000740000000,0x000000074044fac0,0x0000000745580000)
 Metaspace       used 20186K, capacity 21096K, committed 21248K, reserved 1067008K
  class space    used 2759K, capacity 2982K, committed 3072K, reserved 1048576K
Event: 13.163 GC heap after
Heap after GC invocations=2 (full 0):
 PSYoungGen      total 38400K, used 5119K [0x0000000795580000, 0x0000000798000000, 0x00000007c0000000)
  eden space 33280K, 0% used [0x0000000795580000,0x0000000795580000,0x0000000797600000)
  from space 5120K, 99% used [0x0000000797b00000,0x0000000797fffe78,0x0000000798000000)
  to   space 5120K, 0% used [0x0000000797600000,0x0000000797600000,0x0000000797b00000)
 ParOldGen       total 87552K, used 10527K [0x0000000740000000, 0x0000000745580000, 0x0000000795580000)
  object space 87552K, 12% used [0x0000000740000000,0x0000000740a47f88,0x0000000745580000)
 Metaspace       used 20186K, capacity 21096K, committed 21248K, reserved 1067008K
  class space    used 2759K, capacity 2982K, committed 3072K, reserved 1048576K
}
Event: 13.164 GC heap before
{Heap before GC invocations=3 (full 1):
 PSYoungGen      total 38400K, used 5119K [0x0000000795580000, 0x0000000798000000, 0x00000007c0000000)
  eden space 33280K, 0% used [0x0000000795580000,0x0000000795580000,0x0000000797600000)
  from space 5120K, 99% used [0x0000000797b00000,0x0000000797fffe78,0x0000000798000000)
  to   space 5120K, 0% used [0x0000000797600000,0x0000000797600000,0x0000000797b00000)
 ParOldGen       total 87552K, used 10527K [0x0000000740000000, 0x0000000745580000, 0x0000000795580000)
  object space 87552K, 12% used [0x0000000740000000,0x0000000740a47f88,0x0000000745580000)
 Metaspace       used 20186K, capacity 21096K, committed 21248K, reserved 1067008K
  class space    used 2759K, capacity 2982K, committed 3072K, reserved 1048576K
Event: 13.205 GC heap after
Heap after GC invocations=3 (full 1):
 PSYoungGen      total 38400K, used 0K [0x0000000795580000, 0x0000000798000000, 0x00000007c0000000)
  eden space 33280K, 0% used [0x0000000795580000,0x0000000795580000,0x0000000797600000)
  from space 5120K, 0% used [0x0000000797b00000,0x0000000797b00000,0x0000000798000000)
  to   space 5120K, 0% used [0x0000000797600000,0x0000000797600000,0x0000000797b00000)
 ParOldGen       total 51200K, used 11310K [0x0000000740000000, 0x0000000743200000, 0x0000000795580000)
  object space 51200K, 22% used [0x0000000740000000,0x0000000740b0b9c0,0x0000000743200000)
 Metaspace       used 20186K, capacity 21096K, committed 21248K, reserved 1067008K
  class space    used 2759K, capacity 2982K, committed 3072K, reserved 1048576K
}
Event: 65.875 GC heap before
{Heap before GC invocations=4 (full 1):
 PSYoungGen      total 38400K, used 33280K [0x0000000795580000, 0x0000000798000000, 0x00000007c0000000)
  eden space 33280K, 100% used [0x0000000795580000,0x0000000797600000,0x0000000797600000)
  from space 5120K, 0% used [0x0000000797b00000,0x0000000797b00000,0x0000000798000000)
  to   space 5120K, 0% used [0x0000000797600000,0x0000000797600000,0x0000000797b00000)
 ParOldGen       total 51200K, used 11310K [0x0000000740000000, 0x0000000743200000, 0x0000000795580000)
  object space 51200K, 22% used [0x0000000740000000,0x0000000740b0b9c0,0x0000000743200000)
 Metaspace       used 26257K, capacity 27616K, committed 27904K, reserved 1073152K
  class space    used 3457K, capacity 3762K, committed 3840K, reserved 1048576K
Event: 65.885 GC heap after
Heap after GC invocations=4 (full 1):
 PSYoungGen      total 38400K, used 5103K [0x0000000795580000, 0x0000000798000000, 0x00000007c0000000)
  eden space 33280K, 0% used [0x0000000795580000,0x0000000795580000,0x0000000797600000)
  from space 5120K, 99% used [0x0000000797600000,0x0000000797afbf20,0x0000000797b00000)
  to   space 5120K, 0% used [0x0000000797b00000,0x0000000797b00000,0x0000000798000000)
 ParOldGen       total 51200K, used 14081K [0x0000000740000000, 0x0000000743200000, 0x0000000795580000)
  object space 51200K, 27% used [0x0000000740000000,0x0000000740dc06b0,0x0000000743200000)
 Metaspace       used 26257K, capacity 27616K, committed 27904K, reserved 1073152K
  class space    used 3457K, capacity 3762K, committed 3840K, reserved 1048576K
}

