# JRE version: Java(TM) SE Runtime Environment (8.0_111-b14) (build 1.8.0_111-b14)
# Java VM: Java HotSpot(TM) 64-Bit Server VM (25.111-b14 mixed mode bsd-amd64 compressed oops)
Heap:
 PSYoungGen      total 38400K, used 37103K [0x0000000795580000, 0x0000000798000000, 0x00000007c0000000)
  eden space 33280K, 96% used [0x0000000795580000,0x00000007974bfb20,0x0000000797600000)
  from space 5120K, 99% used [0x0000000797600000,0x0000000797afc1d8,0x0000000797b00000)
  to   space 5120K, 0% used [0x0000000797b00000,0x0000000797b00000,0x0000000798000000)
 ParOldGen       total 56320K, used 17303K [0x0000000740000000, 0x0000000743700000, 0x0000000795580000)
  object space 56320K, 30% used [0x0000000740000000,0x00000007410e5d98,0x0000000743700000)
 Metaspace       used 28001K, capacity 29658K, committed 29696K, reserved 1075200K
  class space    used 3745K, capacity 4077K, committed 4096K, reserved 1048576K
GC Heap History (8 events):
Event: 15.535 GC heap before
{Heap before GC invocations=1 (full 0):
 PSYoungGen      total 38400K, used 33280K [0x0000000795580000, 0x0000000798000000, 0x00000007c0000000)
  eden space 33280K, 100% used [0x0000000795580000,0x0000000797600000,0x0000000797600000)
  from space 5120K, 0% used [0x0000000797b00000,0x0000000797b00000,0x0000000798000000)
  to   space 5120K, 0% used [0x0000000797600000,0x0000000797600000,0x0000000797b00000)
 ParOldGen       total 87552K, used 0K [0x0000000740000000, 0x0000000745580000, 0x0000000795580000)
  object space 87552K, 0% used [0x0000000740000000,0x0000000740000000,0x0000000745580000)
 Metaspace       used 14813K, capacity 15432K, committed 15616K, reserved 1062912K
  class space    used 2010K, capacity 2204K, committed 2304K, reserved 1048576K
Event: 15.556 GC heap after
Heap after GC invocations=1 (full 0):
 PSYoungGen      total 38400K, used 5103K [0x0000000795580000, 0x0000000798000000, 0x00000007c0000000)
  eden space 33280K, 0% used [0x0000000795580000,0x0000000795580000,0x0000000797600000)
  from space 5120K, 99% used [0x0000000797600000,0x0000000797afbe88,0x0000000797b00000)
  to   space 5120K, 0% used [0x0000000797b00000,0x0000000797b00000,0x0000000798000000)
 ParOldGen       total 87552K, used 4290K [0x0000000740000000, 0x0000000745580000, 0x0000000795580000)
  object space 87552K, 4% used [0x0000000740000000,0x0000000740430b40,0x0000000745580000)
 Metaspace       used 14813K, capacity 15432K, committed 15616K, reserved 1062912K
  class space    used 2010K, capacity 2204K, committed 2304K, reserved 1048576K
}
Event: 23.169 GC heap before
{Heap before GC invocations=2 (full 0):
 PSYoungGen      total 38400K, used 25009K [0x0000000795580000, 0x0000000798000000, 0x00000007c0000000)
  eden space 33280K, 59% used [0x0000000795580000,0x00000007968f0808,0x0000000797600000)
  from space 5120K, 99% used [0x0000000797600000,0x0000000797afbe88,0x0000000797b00000)
  to   space 5120K, 0% used [0x0000000797b00000,0x0000000797b00000,0x0000000798000000)
 ParOldGen       total 87552K, used 4290K [0x0000000740000000, 0x0000000745580000, 0x0000000795580000)
  object space 87552K, 4% used [0x0000000740000000,0x0000000740430b40,0x0000000745580000)
 Metaspace       used 20319K, capacity 21108K, committed 21248K, reserved 1067008K
  class space    used 2764K, capacity 2968K, committed 3072K, reserved 1048576K
Event: 23.190 GC heap after
Heap after GC invocations=2 (full 0):
 PSYoungGen      total 38400K, used 5119K [0x0000000795580000, 0x0000000798000000, 0x00000007c0000000)
  eden space 33280K, 0% used [0x0000000795580000,0x0000000795580000,0x0000000797600000)
  from space 5120K, 99% used [0x0000000797b00000,0x0000000797fffe88,0x0000000798000000)
  to   space 5120K, 0% used [0x0000000797600000,0x0000000797600000,0x0000000797b00000)
 ParOldGen       total 87552K, used 13425K [0x0000000740000000, 0x0000000745580000, 0x0000000795580000)
  object space 87552K, 15% used [0x0000000740000000,0x0000000740d1c600,0x0000000745580000)
 Metaspace       used 20319K, capacity 21108K, committed 21248K, reserved 1067008K
  class space    used 2764K, capacity 2968K, committed 3072K, reserved 1048576K
}
Event: 23.190 GC heap before
{Heap before GC invocations=3 (full 1):
 PSYoungGen      total 38400K, used 5119K [0x0000000795580000, 0x0000000798000000, 0x00000007c0000000)
  eden space 33280K, 0% used [0x0000000795580000,0x0000000795580000,0x0000000797600000)
  from space 5120K, 99% used [0x0000000797b00000,0x0000000797fffe88,0x0000000798000000)
  to   space 5120K, 0% used [0x0000000797600000,0x0000000797600000,0x0000000797b00000)
 ParOldGen       total 87552K, used 13425K [0x0000000740000000, 0x0000000745580000, 0x0000000795580000)
  object space 87552K, 15% used [0x0000000740000000,0x0000000740d1c600,0x0000000745580000)
 Metaspace       used 20319K, capacity 21108K, committed 21248K, reserved 1067008K
  class space    used 2764K, capacity 2968K, committed 3072K, reserved 1048576K
Event: 23.240 GC heap after
Heap after GC invocations=3 (full 1):
 PSYoungGen      total 38400K, used 0K [0x0000000795580000, 0x0000000798000000, 0x00000007c0000000)
  eden space 33280K, 0% used [0x0000000795580000,0x0000000795580000,0x0000000797600000)
  from space 5120K, 0% used [0x0000000797b00000,0x0000000797b00000,0x0000000798000000)
  to   space 5120K, 0% used [0x0000000797600000,0x0000000797600000,0x0000000797b00000)
 ParOldGen       total 56320K, used 12309K [0x0000000740000000, 0x0000000743700000, 0x0000000795580000)
  object space 56320K, 21% used [0x0000000740000000,0x0000000740c05628,0x0000000743700000)
 Metaspace       used 20319K, capacity 21108K, committed 21248K, reserved 1067008K
  class space    used 2764K, capacity 2968K, committed 3072K, reserved 1048576K
}
Event: 33.836 GC heap before
{Heap before GC invocations=4 (full 1):
 PSYoungGen      total 38400K, used 33280K [0x0000000795580000, 0x0000000798000000, 0x00000007c0000000)
  eden space 33280K, 100% used [0x0000000795580000,0x0000000797600000,0x0000000797600000)
  from space 5120K, 0% used [0x0000000797b00000,0x0000000797b00000,0x0000000798000000)
  to   space 5120K, 0% used [0x0000000797600000,0x0000000797600000,0x0000000797b00000)
 ParOldGen       total 56320K, used 12309K [0x0000000740000000, 0x0000000743700000, 0x0000000795580000)
  object space 56320K, 21% used [0x0000000740000000,0x0000000740c05628,0x0000000743700000)
 Metaspace       used 26426K, capacity 27718K, committed 27904K, reserved 1073152K
  class space    used 3543K, capacity 3829K, committed 3840K, reserved 1048576K
Event: 33.858 GC heap after
Heap after GC invocations=4 (full 1):
 PSYoungGen      total 38400K, used 5104K [0x0000000795580000, 0x0000000798000000, 0x00000007c0000000)
  eden space 33280K, 0% used [0x0000000795580000,0x0000000795580000,0x0000000797600000)
  from space 5120K, 99% used [0x0000000797600000,0x0000000797afc1d8,0x0000000797b00000)
  to   space 5120K, 0% used [0x0000000797b00000,0x0000000797b00000,0x0000000798000000)
 ParOldGen       total 56320K, used 17303K [0x0000000740000000, 0x0000000743700000, 0x0000000795580000)
  object space 56320K, 30% used [0x0000000740000000,0x00000007410e5d98,0x0000000743700000)
 Metaspace       used 26426K, capacity 27718K, committed 27904K, reserved 1073152K
  class space    used 3543K, capacity 3829K, committed 3840K, reserved 1048576K
}

