# JRE version: Java(TM) SE Runtime Environment (8.0_111-b14) (build 1.8.0_111-b14)
# Java VM: Java HotSpot(TM) 64-Bit Server VM (25.111-b14 mixed mode bsd-amd64 compressed oops)
Heap:
 PSYoungGen      total 64000K, used 41484K [0x0000000795580000, 0x000000079b300000, 0x00000007c0000000)
  eden space 46080K, 90% used [0x0000000795580000,0x0000000797e03038,0x0000000798280000)
  from space 17920K, 0% used [0x0000000799480000,0x0000000799480000,0x000000079a600000)
  to   space 18432K, 0% used [0x0000000798280000,0x0000000798280000,0x0000000799480000)
 ParOldGen       total 82432K, used 27532K [0x0000000740000000, 0x0000000745080000, 0x0000000795580000)
  object space 82432K, 33% used [0x0000000740000000,0x0000000741ae32c0,0x0000000745080000)
 Metaspace       used 48047K, capacity 49798K, committed 50176K, reserved 1093632K
  class space    used 6272K, capacity 6638K, committed 6656K, reserved 1048576K
GC Heap History (10 events):
Event: 19.646 GC heap before
{Heap before GC invocations=4 (full 1):
 PSYoungGen      total 38400K, used 33280K [0x0000000795580000, 0x0000000798000000, 0x00000007c0000000)
  eden space 33280K, 100% used [0x0000000795580000,0x0000000797600000,0x0000000797600000)
  from space 5120K, 0% used [0x0000000797b00000,0x0000000797b00000,0x0000000798000000)
  to   space 5120K, 0% used [0x0000000797600000,0x0000000797600000,0x0000000797b00000)
 ParOldGen       total 54784K, used 12578K [0x0000000740000000, 0x0000000743580000, 0x0000000795580000)
  object space 54784K, 22% used [0x0000000740000000,0x0000000740c48a58,0x0000000743580000)
 Metaspace       used 26335K, capacity 27618K, committed 27904K, reserved 1073152K
  class space    used 3539K, capacity 3797K, committed 3840K, reserved 1048576K
Event: 19.685 GC heap after
Heap after GC invocations=4 (full 1):
 PSYoungGen      total 38400K, used 5088K [0x0000000795580000, 0x0000000798000000, 0x00000007c0000000)
  eden space 33280K, 0% used [0x0000000795580000,0x0000000795580000,0x0000000797600000)
  from space 5120K, 99% used [0x0000000797600000,0x0000000797af81c8,0x0000000797b00000)
  to   space 5120K, 0% used [0x0000000797b00000,0x0000000797b00000,0x0000000798000000)
 ParOldGen       total 54784K, used 17558K [0x0000000740000000, 0x0000000743580000, 0x0000000795580000)
  object space 54784K, 32% used [0x0000000740000000,0x0000000741125a60,0x0000000743580000)
 Metaspace       used 26335K, capacity 27618K, committed 27904K, reserved 1073152K
  class space    used 3539K, capacity 3797K, committed 3840K, reserved 1048576K
}
Event: 35.162 GC heap before
{Heap before GC invocations=5 (full 1):
 PSYoungGen      total 38400K, used 38368K [0x0000000795580000, 0x0000000798000000, 0x00000007c0000000)
  eden space 33280K, 100% used [0x0000000795580000,0x0000000797600000,0x0000000797600000)
  from space 5120K, 99% used [0x0000000797600000,0x0000000797af81c8,0x0000000797b00000)
  to   space 5120K, 0% used [0x0000000797b00000,0x0000000797b00000,0x0000000798000000)
 ParOldGen       total 54784K, used 17558K [0x0000000740000000, 0x0000000743580000, 0x0000000795580000)
  object space 54784K, 32% used [0x0000000740000000,0x0000000741125a60,0x0000000743580000)
 Metaspace       used 27844K, capacity 29490K, committed 29696K, reserved 1075200K
  class space    used 3723K, capacity 4045K, committed 4096K, reserved 1048576K
Event: 35.191 GC heap after
Heap after GC invocations=5 (full 1):
 PSYoungGen      total 38400K, used 5102K [0x0000000795580000, 0x0000000798000000, 0x00000007c0000000)
  eden space 33280K, 0% used [0x0000000795580000,0x0000000795580000,0x0000000797600000)
  from space 5120K, 99% used [0x0000000797b00000,0x0000000797ffb9f8,0x0000000798000000)
  to   space 5120K, 0% used [0x0000000797600000,0x0000000797600000,0x0000000797b00000)
 ParOldGen       total 54784K, used 30412K [0x0000000740000000, 0x0000000743580000, 0x0000000795580000)
  object space 54784K, 55% used [0x0000000740000000,0x0000000741db3050,0x0000000743580000)
 Metaspace       used 27844K, capacity 29490K, committed 29696K, reserved 1075200K
  class space    used 3723K, capacity 4045K, committed 4096K, reserved 1048576K
}
Event: 39.402 GC heap before
{Heap before GC invocations=6 (full 1):
 PSYoungGen      total 38400K, used 38382K [0x0000000795580000, 0x0000000798000000, 0x00000007c0000000)
  eden space 33280K, 100% used [0x0000000795580000,0x0000000797600000,0x0000000797600000)
  from space 5120K, 99% used [0x0000000797b00000,0x0000000797ffb9f8,0x0000000798000000)
  to   space 5120K, 0% used [0x0000000797600000,0x0000000797600000,0x0000000797b00000)
 ParOldGen       total 54784K, used 30412K [0x0000000740000000, 0x0000000743580000, 0x0000000795580000)
  object space 54784K, 55% used [0x0000000740000000,0x0000000741db3050,0x0000000743580000)
 Metaspace       used 32232K, capacity 33898K, committed 34176K, reserved 1079296K
  class space    used 4340K, capacity 4657K, committed 4736K, reserved 1048576K
Event: 39.431 GC heap after
Heap after GC invocations=6 (full 1):
 PSYoungGen      total 38400K, used 5103K [0x0000000795580000, 0x000000079a600000, 0x00000007c0000000)
  eden space 33280K, 0% used [0x0000000795580000,0x0000000795580000,0x0000000797600000)
  from space 5120K, 99% used [0x0000000797600000,0x0000000797afbfd8,0x0000000797b00000)
  to   space 17920K, 0% used [0x0000000799480000,0x0000000799480000,0x000000079a600000)
 ParOldGen       total 54784K, used 37894K [0x0000000740000000, 0x0000000743580000, 0x0000000795580000)
  object space 54784K, 69% used [0x0000000740000000,0x00000007425018a0,0x0000000743580000)
 Metaspace       used 32232K, capacity 33898K, committed 34176K, reserved 1079296K
  class space    used 4340K, capacity 4657K, committed 4736K, reserved 1048576K
}
Event: 40.055 GC heap before
{Heap before GC invocations=7 (full 1):
 PSYoungGen      total 38400K, used 21253K [0x0000000795580000, 0x000000079a600000, 0x00000007c0000000)
  eden space 33280K, 48% used [0x0000000795580000,0x00000007965455d8,0x0000000797600000)
  from space 5120K, 99% used [0x0000000797600000,0x0000000797afbfd8,0x0000000797b00000)
  to   space 17920K, 0% used [0x0000000799480000,0x0000000799480000,0x000000079a600000)
 ParOldGen       total 54784K, used 37894K [0x0000000740000000, 0x0000000743580000, 0x0000000795580000)
  object space 54784K, 69% used [0x0000000740000000,0x00000007425018a0,0x0000000743580000)
 Metaspace       used 33613K, capacity 35312K, committed 35416K, reserved 1079296K
  class space    used 4518K, capacity 4850K, committed 4864K, reserved 1048576K
Event: 40.103 GC heap after
Heap after GC invocations=7 (full 1):
 PSYoungGen      total 64000K, used 6637K [0x0000000795580000, 0x000000079b300000, 0x00000007c0000000)
  eden space 46080K, 0% used [0x0000000795580000,0x0000000795580000,0x0000000798280000)
  from space 17920K, 37% used [0x0000000799480000,0x0000000799afb530,0x000000079a600000)
  to   space 18432K, 0% used [0x0000000798280000,0x0000000798280000,0x0000000799480000)
 ParOldGen       total 54784K, used 37902K [0x0000000740000000, 0x0000000743580000, 0x0000000795580000)
  object space 54784K, 69% used [0x0000000740000000,0x00000007425038a0,0x0000000743580000)
 Metaspace       used 33613K, capacity 35312K, committed 35416K, reserved 1079296K
  class space    used 4518K, capacity 4850K, committed 4864K, reserved 1048576K
}
Event: 40.103 GC heap before
{Heap before GC invocations=8 (full 2):
 PSYoungGen      total 64000K, used 6637K [0x0000000795580000, 0x000000079b300000, 0x00000007c0000000)
  eden space 46080K, 0% used [0x0000000795580000,0x0000000795580000,0x0000000798280000)
  from space 17920K, 37% used [0x0000000799480000,0x0000000799afb530,0x000000079a600000)
  to   space 18432K, 0% used [0x0000000798280000,0x0000000798280000,0x0000000799480000)
 ParOldGen       total 54784K, used 37902K [0x0000000740000000, 0x0000000743580000, 0x0000000795580000)
  object space 54784K, 69% used [0x0000000740000000,0x00000007425038a0,0x0000000743580000)
 Metaspace       used 33613K, capacity 35312K, committed 35416K, reserved 1079296K
  class space    used 4518K, capacity 4850K, committed 4864K, reserved 1048576K
Event: 40.300 GC heap after
Heap after GC invocations=8 (full 2):
 PSYoungGen      total 64000K, used 0K [0x0000000795580000, 0x000000079b300000, 0x00000007c0000000)
  eden space 46080K, 0% used [0x0000000795580000,0x0000000795580000,0x0000000798280000)
  from space 17920K, 0% used [0x0000000799480000,0x0000000799480000,0x000000079a600000)
  to   space 18432K, 0% used [0x0000000798280000,0x0000000798280000,0x0000000799480000)
 ParOldGen       total 82432K, used 27532K [0x0000000740000000, 0x0000000745080000, 0x0000000795580000)
  object space 82432K, 33% used [0x0000000740000000,0x0000000741ae32c0,0x0000000745080000)
 Metaspace       used 33613K, capacity 35312K, committed 35416K, reserved 1079296K
  class space    used 4518K, capacity 4850K, committed 4864K, reserved 1048576K
}

